==========2024-05-27 22:57:31.819157==========
function tst_func was called
with args: () 
     kwargs: {'x1': 2, 'x2': 5}
was returned: 12

==========2024-05-27 22:57:47.032036==========
function tst_func was called
with args: () 
     kwargs: {'x1': 2, 'x2': 5}
was returned: 12

==========2024-05-27 22:58:20.458609==========
function tst_func was called
with args: () 
     kwargs: {'x1': 2, 'x2': 5}
was returned: 12

==========2024-05-27 22:58:21.360560==========
function tst_func was called
with args: () 
     kwargs: {'x1': 2, 'x2': 5}
was returned: 12

